{"/Users/caseyhald/Documents/solana/solana-hooks/index.js": {"path":"/Users/caseyhald/Documents/solana/solana-hooks/index.js","statementMap":{"0":{"start":{"line":1,"column":19},"end":{"line":1,"column":45}},"1":{"start":{"line":3,"column":21},"end":{"line":3,"column":180}},"2":{"start":{"line":4,"column":22},"end":{"line":4,"column":342}},"3":{"start":{"line":5,"column":0},"end":{"line":43,"column":1}},"4":{"start":{"line":9,"column":8},"end":{"line":9,"column":93}},"5":{"start":{"line":12,"column":8},"end":{"line":14,"column":9}},"6":{"start":{"line":13,"column":12},"end":{"line":13,"column":46}},"7":{"start":{"line":15,"column":8},"end":{"line":15,"column":50}},"8":{"start":{"line":18,"column":8},"end":{"line":20,"column":9}},"9":{"start":{"line":19,"column":12},"end":{"line":19,"column":76}},"10":{"start":{"line":21,"column":8},"end":{"line":21,"column":94}},"11":{"start":{"line":24,"column":8},"end":{"line":24,"column":44}},"12":{"start":{"line":27,"column":21},"end":{"line":27,"column":46}},"13":{"start":{"line":28,"column":8},"end":{"line":28,"column":55}},"14":{"start":{"line":31,"column":26},"end":{"line":31,"column":30}},"15":{"start":{"line":32,"column":24},"end":{"line":32,"column":26}},"16":{"start":{"line":33,"column":26},"end":{"line":33,"column":54}},"17":{"start":{"line":34,"column":8},"end":{"line":40,"column":10}},"18":{"start":{"line":41,"column":8},"end":{"line":41,"column":27}}},"fnMap":{"0":{"name":"(anonymous_0)","decl":{"start":{"line":8,"column":11},"end":{"line":8,"column":12}},"loc":{"start":{"line":8,"column":20},"end":{"line":10,"column":5}},"line":8},"1":{"name":"(anonymous_1)","decl":{"start":{"line":11,"column":9},"end":{"line":11,"column":10}},"loc":{"start":{"line":11,"column":18},"end":{"line":16,"column":5}},"line":11},"2":{"name":"(anonymous_2)","decl":{"start":{"line":17,"column":16},"end":{"line":17,"column":17}},"loc":{"start":{"line":17,"column":25},"end":{"line":22,"column":5}},"line":17},"3":{"name":"(anonymous_3)","decl":{"start":{"line":23,"column":21},"end":{"line":23,"column":22}},"loc":{"start":{"line":23,"column":27},"end":{"line":25,"column":5}},"line":23},"4":{"name":"(anonymous_4)","decl":{"start":{"line":26,"column":28},"end":{"line":26,"column":29}},"loc":{"start":{"line":26,"column":37},"end":{"line":29,"column":5}},"line":26},"5":{"name":"(anonymous_5)","decl":{"start":{"line":30,"column":17},"end":{"line":30,"column":18}},"loc":{"start":{"line":30,"column":31},"end":{"line":42,"column":5}},"line":30}},"branchMap":{"0":{"loc":{"start":{"line":9,"column":8},"end":{"line":9,"column":93}},"type":"cond-expr","locations":[{"start":{"line":9,"column":34},"end":{"line":9,"column":54}},{"start":{"line":9,"column":57},"end":{"line":9,"column":93}}],"line":9},"1":{"loc":{"start":{"line":12,"column":8},"end":{"line":14,"column":9}},"type":"if","locations":[{"start":{"line":12,"column":8},"end":{"line":14,"column":9}},{"start":{},"end":{}}],"line":12},"2":{"loc":{"start":{"line":18,"column":8},"end":{"line":20,"column":9}},"type":"if","locations":[{"start":{"line":18,"column":8},"end":{"line":20,"column":9}},{"start":{},"end":{}}],"line":18},"3":{"loc":{"start":{"line":18,"column":12},"end":{"line":18,"column":97}},"type":"binary-expr","locations":[{"start":{"line":18,"column":12},"end":{"line":18,"column":35}},{"start":{"line":18,"column":39},"end":{"line":18,"column":56}},{"start":{"line":18,"column":60},"end":{"line":18,"column":77}},{"start":{"line":18,"column":81},"end":{"line":18,"column":97}}],"line":18}},"s":{"0":1,"1":1,"2":1,"3":1,"4":0,"5":1,"6":0,"7":1,"8":1,"9":1,"10":0,"11":0,"12":0,"13":0,"14":1,"15":1,"16":1,"17":1,"18":1},"f":{"0":0,"1":1,"2":1,"3":0,"4":0,"5":1},"b":{"0":[0,0],"1":[0,1],"2":[1,0],"3":[1,1,0,0]},"_coverageSchema":"1a1c01bbd47fc00a2c39e90264f33305004495a9","hash":"64312bdcaa4f70f4766a9797444ac6944ffe0a62"}
}
