{"/Users/caseyhald/Documents/solana/solana-hooks/index.js": {"path":"/Users/caseyhald/Documents/solana/solana-hooks/index.js","statementMap":{"0":{"start":{"line":1,"column":13},"end":{"line":1,"column":39}},"1":{"start":{"line":2,"column":28},"end":{"line":2,"column":60}},"2":{"start":{"line":3,"column":17},"end":{"line":3,"column":34}},"3":{"start":{"line":6,"column":21},"end":{"line":6,"column":180}},"4":{"start":{"line":7,"column":22},"end":{"line":7,"column":342}},"5":{"start":{"line":9,"column":0},"end":{"line":91,"column":1}},"6":{"start":{"line":13,"column":8},"end":{"line":13,"column":93}},"7":{"start":{"line":16,"column":8},"end":{"line":18,"column":9}},"8":{"start":{"line":17,"column":12},"end":{"line":17,"column":46}},"9":{"start":{"line":19,"column":8},"end":{"line":19,"column":50}},"10":{"start":{"line":22,"column":8},"end":{"line":24,"column":9}},"11":{"start":{"line":23,"column":12},"end":{"line":23,"column":64}},"12":{"start":{"line":25,"column":8},"end":{"line":25,"column":94}},"13":{"start":{"line":28,"column":25},"end":{"line":28,"column":55}},"14":{"start":{"line":29,"column":19},"end":{"line":29,"column":45}},"15":{"start":{"line":31,"column":27},"end":{"line":31,"column":50}},"16":{"start":{"line":33,"column":21},"end":{"line":33,"column":46}},"17":{"start":{"line":34,"column":8},"end":{"line":34,"column":49}},"18":{"start":{"line":37,"column":26},"end":{"line":37,"column":30}},"19":{"start":{"line":38,"column":24},"end":{"line":38,"column":26}},"20":{"start":{"line":39,"column":26},"end":{"line":39,"column":48}},"21":{"start":{"line":40,"column":8},"end":{"line":46,"column":10}},"22":{"start":{"line":47,"column":8},"end":{"line":47,"column":27}},"23":{"start":{"line":49,"column":26},"end":{"line":49,"column":79}},"24":{"start":{"line":50,"column":42},"end":{"line":50,"column":98}},"25":{"start":{"line":51,"column":53},"end":{"line":51,"column":114}},"26":{"start":{"line":53,"column":22},"end":{"line":53,"column":45}},"27":{"start":{"line":54,"column":20},"end":{"line":54,"column":43}},"28":{"start":{"line":55,"column":25},"end":{"line":55,"column":75}},"29":{"start":{"line":57,"column":31},"end":{"line":60,"column":9}},"30":{"start":{"line":62,"column":8},"end":{"line":62,"column":62}},"31":{"start":{"line":64,"column":34},"end":{"line":66,"column":10}},"32":{"start":{"line":67,"column":19},"end":{"line":67,"column":82}},"33":{"start":{"line":68,"column":21},"end":{"line":68,"column":35}},"34":{"start":{"line":70,"column":29},"end":{"line":76,"column":9}},"35":{"start":{"line":78,"column":19},"end":{"line":78,"column":59}},"36":{"start":{"line":79,"column":27},"end":{"line":79,"column":85}},"37":{"start":{"line":80,"column":8},"end":{"line":80,"column":57}},"38":{"start":{"line":82,"column":8},"end":{"line":86,"column":12}},"39":{"start":{"line":88,"column":8},"end":{"line":88,"column":96}}},"fnMap":{"0":{"name":"(anonymous_0)","decl":{"start":{"line":12,"column":11},"end":{"line":12,"column":12}},"loc":{"start":{"line":12,"column":20},"end":{"line":14,"column":5}},"line":12},"1":{"name":"(anonymous_1)","decl":{"start":{"line":15,"column":9},"end":{"line":15,"column":10}},"loc":{"start":{"line":15,"column":18},"end":{"line":20,"column":5}},"line":15},"2":{"name":"(anonymous_2)","decl":{"start":{"line":21,"column":16},"end":{"line":21,"column":17}},"loc":{"start":{"line":21,"column":25},"end":{"line":26,"column":5}},"line":21},"3":{"name":"(anonymous_3)","decl":{"start":{"line":27,"column":20},"end":{"line":27,"column":21}},"loc":{"start":{"line":27,"column":35},"end":{"line":30,"column":5}},"line":27},"4":{"name":"(anonymous_4)","decl":{"start":{"line":31,"column":21},"end":{"line":31,"column":22}},"loc":{"start":{"line":31,"column":27},"end":{"line":31,"column":50}},"line":31},"5":{"name":"(anonymous_5)","decl":{"start":{"line":32,"column":28},"end":{"line":32,"column":29}},"loc":{"start":{"line":32,"column":37},"end":{"line":35,"column":5}},"line":32},"6":{"name":"(anonymous_6)","decl":{"start":{"line":36,"column":17},"end":{"line":36,"column":18}},"loc":{"start":{"line":36,"column":31},"end":{"line":48,"column":5}},"line":36},"7":{"name":"(anonymous_7)","decl":{"start":{"line":49,"column":20},"end":{"line":49,"column":21}},"loc":{"start":{"line":49,"column":26},"end":{"line":49,"column":79}},"line":49},"8":{"name":"(anonymous_8)","decl":{"start":{"line":50,"column":30},"end":{"line":50,"column":31}},"loc":{"start":{"line":50,"column":42},"end":{"line":50,"column":98}},"line":50},"9":{"name":"(anonymous_9)","decl":{"start":{"line":51,"column":36},"end":{"line":51,"column":37}},"loc":{"start":{"line":51,"column":53},"end":{"line":51,"column":114}},"line":51},"10":{"name":"(anonymous_10)","decl":{"start":{"line":52,"column":21},"end":{"line":52,"column":22}},"loc":{"start":{"line":52,"column":33},"end":{"line":89,"column":5}},"line":52}},"branchMap":{"0":{"loc":{"start":{"line":13,"column":8},"end":{"line":13,"column":93}},"type":"cond-expr","locations":[{"start":{"line":13,"column":34},"end":{"line":13,"column":54}},{"start":{"line":13,"column":57},"end":{"line":13,"column":93}}],"line":13},"1":{"loc":{"start":{"line":16,"column":8},"end":{"line":18,"column":9}},"type":"if","locations":[{"start":{"line":16,"column":8},"end":{"line":18,"column":9}},{"start":{},"end":{}}],"line":16},"2":{"loc":{"start":{"line":22,"column":8},"end":{"line":24,"column":9}},"type":"if","locations":[{"start":{"line":22,"column":8},"end":{"line":24,"column":9}},{"start":{},"end":{}}],"line":22},"3":{"loc":{"start":{"line":22,"column":12},"end":{"line":22,"column":97}},"type":"binary-expr","locations":[{"start":{"line":22,"column":12},"end":{"line":22,"column":35}},{"start":{"line":22,"column":39},"end":{"line":22,"column":56}},{"start":{"line":22,"column":60},"end":{"line":22,"column":77}},{"start":{"line":22,"column":81},"end":{"line":22,"column":97}}],"line":22}},"s":{"0":1,"1":1,"2":1,"3":1,"4":1,"5":1,"6":0,"7":3,"8":0,"9":3,"10":1,"11":1,"12":0,"13":0,"14":0,"15":1,"16":0,"17":0,"18":1,"19":1,"20":1,"21":1,"22":1,"23":0,"24":0,"25":0,"26":0,"27":0,"28":0,"29":0,"30":0,"31":0,"32":0,"33":0,"34":0,"35":0,"36":0,"37":0,"38":0,"39":0},"f":{"0":0,"1":3,"2":1,"3":0,"4":1,"5":0,"6":1,"7":0,"8":0,"9":0,"10":0},"b":{"0":[0,0],"1":[0,3],"2":[1,0],"3":[1,1,0,0]},"_coverageSchema":"1a1c01bbd47fc00a2c39e90264f33305004495a9","hash":"19d04258f7861d953a2253075083a3c87800a579"}
}
